
> @basket-fi/backend@0.0.0 build /Users/sarunseangsomboon/Documents/Projects/basket-fi/apps/backend
> nest build

[96mprisma/seed.ts[0m:[93m2[0m:[93m24[0m - [91merror[0m[90m TS2307: [0mCannot find module 'ethers' or its corresponding type declarations.

[7m2[0m import { ethers } from 'ethers';
[7m [0m [91m                       ~~~~~~~~[0m
[96mprisma/seed.ts[0m:[93m11[0m:[93m16[0m - [91merror[0m[90m TS2339: [0mProperty 'priceSnapshot' does not exist on type 'PrismaClient<PrismaClientOptions, never, DefaultArgs>'.

[7m11[0m   await prisma.priceSnapshot.deleteMany();
[7m  [0m [91m               ~~~~~~~~~~~~~[0m
[96mprisma/seed.ts[0m:[93m12[0m:[93m16[0m - [91merror[0m[90m TS2551: [0mProperty 'transaction' does not exist on type 'PrismaClient<PrismaClientOptions, never, DefaultArgs>'. Did you mean '$transaction'?

[7m12[0m   await prisma.transaction.deleteMany();
[7m  [0m [91m               ~~~~~~~~~~~[0m

  [96m../../node_modules/.pnpm/@prisma+client@5.22.0_prisma@5.22.0/node_modules/.prisma/client/index.d.ts[0m:[93m163[0m:[93m3[0m
    [7m163[0m   $transaction<P extends Prisma.PrismaPromise<any>[]>(arg: [...P], options?: { isolationLevel?: Prisma.TransactionIsolationLevel }): $Utils.JsPromise<runtime.Types.Utils.UnwrapTuple<P>>
    [7m   [0m [96m  ~~~~~~~~~~~~[0m
    '$transaction' is declared here.
[96mprisma/seed.ts[0m:[93m13[0m:[93m16[0m - [91merror[0m[90m TS2339: [0mProperty 'rebalance' does not exist on type 'PrismaClient<PrismaClientOptions, never, DefaultArgs>'.

[7m13[0m   await prisma.rebalance.deleteMany();
[7m  [0m [91m               ~~~~~~~~~[0m
[96mprisma/seed.ts[0m:[93m14[0m:[93m16[0m - [91merror[0m[90m TS2339: [0mProperty 'allocation' does not exist on type 'PrismaClient<PrismaClientOptions, never, DefaultArgs>'.

[7m14[0m   await prisma.allocation.deleteMany();
[7m  [0m [91m               ~~~~~~~~~~[0m
[96mprisma/seed.ts[0m:[93m15[0m:[93m16[0m - [91merror[0m[90m TS2339: [0mProperty 'basketAsset' does not exist on type 'PrismaClient<PrismaClientOptions, never, DefaultArgs>'.

[7m15[0m   await prisma.basketAsset.deleteMany();
[7m  [0m [91m               ~~~~~~~~~~~[0m
[96mprisma/seed.ts[0m:[93m17[0m:[93m16[0m - [91merror[0m[90m TS2339: [0mProperty 'wallet' does not exist on type 'PrismaClient<PrismaClientOptions, never, DefaultArgs>'.

[7m17[0m   await prisma.wallet.deleteMany();
[7m  [0m [91m               ~~~~~~[0m
[96mprisma/seed.ts[0m:[93m54[0m:[93m7[0m - [91merror[0m[90m TS2353: [0mObject literal may only specify known properties, and 'role' does not exist in type '(Without<UserCreateInput, UserUncheckedCreateInput> & UserUncheckedCreateInput) | (Without<...> & UserCreateInput)'.

[7m54[0m       role: 'ADMIN',
[7m  [0m [91m      ~~~~[0m

  [96m../../node_modules/.pnpm/@prisma+client@5.22.0_prisma@5.22.0/node_modules/.prisma/client/index.d.ts[0m:[93m2262[0m:[93m5[0m
    [7m2262[0m     data: XOR<UserCreateInput, UserUncheckedCreateInput>
    [7m    [0m [96m    ~~~~[0m
    The expected type comes from property 'data' which is declared here on type '{ select?: UserSelect<DefaultArgs>; include?: UserInclude<DefaultArgs>; data: (Without<UserCreateInput, UserUncheckedCreateInput> & UserUncheckedCreateInput) | (Without<...> & UserCreateInput); }'
[96mprisma/seed.ts[0m:[93m63[0m:[93m16[0m - [91merror[0m[90m TS2339: [0mProperty 'wallet' does not exist on type 'PrismaClient<PrismaClientOptions, never, DefaultArgs>'.

[7m63[0m   await prisma.wallet.createMany({
[7m  [0m [91m               ~~~~~~[0m
[96mprisma/seed.ts[0m:[93m138[0m:[93m7[0m - [91merror[0m[90m TS2353: [0mObject literal may only specify known properties, and 'isActive' does not exist in type '(Without<BasketCreateInput, BasketUncheckedCreateInput> & BasketUncheckedCreateInput) | (Without<...> & BasketCreateInput)'.

[7m138[0m       isActive: true,
[7m   [0m [91m      ~~~~~~~~[0m

  [96m../../node_modules/.pnpm/@prisma+client@5.22.0_prisma@5.22.0/node_modules/.prisma/client/index.d.ts[0m:[93m3277[0m:[93m5[0m
    [7m3277[0m     data: XOR<BasketCreateInput, BasketUncheckedCreateInput>
    [7m    [0m [96m    ~~~~[0m
    The expected type comes from property 'data' which is declared here on type '{ select?: BasketSelect<DefaultArgs>; include?: BasketInclude<DefaultArgs>; data: (Without<BasketCreateInput, BasketUncheckedCreateInput> & BasketUncheckedCreateInput) | (Without<...> & BasketCreateInput); }'
[96mprisma/seed.ts[0m:[93m149[0m:[93m7[0m - [91merror[0m[90m TS2353: [0mObject literal may only specify known properties, and 'isActive' does not exist in type '(Without<BasketCreateInput, BasketUncheckedCreateInput> & BasketUncheckedCreateInput) | (Without<...> & BasketCreateInput)'.

[7m149[0m       isActive: true,
[7m   [0m [91m      ~~~~~~~~[0m

  [96m../../node_modules/.pnpm/@prisma+client@5.22.0_prisma@5.22.0/node_modules/.prisma/client/index.d.ts[0m:[93m3277[0m:[93m5[0m
    [7m3277[0m     data: XOR<BasketCreateInput, BasketUncheckedCreateInput>
    [7m    [0m [96m    ~~~~[0m
    The expected type comes from property 'data' which is declared here on type '{ select?: BasketSelect<DefaultArgs>; include?: BasketInclude<DefaultArgs>; data: (Without<BasketCreateInput, BasketUncheckedCreateInput> & BasketUncheckedCreateInput) | (Without<...> & BasketCreateInput); }'
[96mprisma/seed.ts[0m:[93m160[0m:[93m7[0m - [91merror[0m[90m TS2353: [0mObject literal may only specify known properties, and 'isActive' does not exist in type '(Without<BasketCreateInput, BasketUncheckedCreateInput> & BasketUncheckedCreateInput) | (Without<...> & BasketCreateInput)'.

[7m160[0m       isActive: true,
[7m   [0m [91m      ~~~~~~~~[0m

  [96m../../node_modules/.pnpm/@prisma+client@5.22.0_prisma@5.22.0/node_modules/.prisma/client/index.d.ts[0m:[93m3277[0m:[93m5[0m
    [7m3277[0m     data: XOR<BasketCreateInput, BasketUncheckedCreateInput>
    [7m    [0m [96m    ~~~~[0m
    The expected type comes from property 'data' which is declared here on type '{ select?: BasketSelect<DefaultArgs>; include?: BasketInclude<DefaultArgs>; data: (Without<BasketCreateInput, BasketUncheckedCreateInput> & BasketUncheckedCreateInput) | (Without<...> & BasketCreateInput); }'
[96mprisma/seed.ts[0m:[93m175[0m:[93m38[0m - [91merror[0m[90m TS2339: [0mProperty 'basketAsset' does not exist on type 'PrismaClient<PrismaClientOptions, never, DefaultArgs>'.

[7m175[0m     const basketAsset = await prisma.basketAsset.create({
[7m   [0m [91m                                     ~~~~~~~~~~~[0m
[96mprisma/seed.ts[0m:[93m186[0m:[93m18[0m - [91merror[0m[90m TS2339: [0mProperty 'allocation' does not exist on type 'PrismaClient<PrismaClientOptions, never, DefaultArgs>'.

[7m186[0m     await prisma.allocation.create({
[7m   [0m [91m                 ~~~~~~~~~~[0m
[96mprisma/seed.ts[0m:[93m205[0m:[93m18[0m - [91merror[0m[90m TS2339: [0mProperty 'basketAsset' does not exist on type 'PrismaClient<PrismaClientOptions, never, DefaultArgs>'.

[7m205[0m     await prisma.basketAsset.create({
[7m   [0m [91m                 ~~~~~~~~~~~[0m
[96mprisma/seed.ts[0m:[93m216[0m:[93m18[0m - [91merror[0m[90m TS2339: [0mProperty 'allocation' does not exist on type 'PrismaClient<PrismaClientOptions, never, DefaultArgs>'.

[7m216[0m     await prisma.allocation.create({
[7m   [0m [91m                 ~~~~~~~~~~[0m
[96mprisma/seed.ts[0m:[93m236[0m:[93m18[0m - [91merror[0m[90m TS2339: [0mProperty 'basketAsset' does not exist on type 'PrismaClient<PrismaClientOptions, never, DefaultArgs>'.

[7m236[0m     await prisma.basketAsset.create({
[7m   [0m [91m                 ~~~~~~~~~~~[0m
[96mprisma/seed.ts[0m:[93m247[0m:[93m18[0m - [91merror[0m[90m TS2339: [0mProperty 'allocation' does not exist on type 'PrismaClient<PrismaClientOptions, never, DefaultArgs>'.

[7m247[0m     await prisma.allocation.create({
[7m   [0m [91m                 ~~~~~~~~~~[0m
[96mprisma/seed.ts[0m:[93m272[0m:[93m20[0m - [91merror[0m[90m TS2339: [0mProperty 'priceSnapshot' does not exist on type 'PrismaClient<PrismaClientOptions, never, DefaultArgs>'.

[7m272[0m       await prisma.priceSnapshot.create({
[7m   [0m [91m                   ~~~~~~~~~~~~~[0m
[96mprisma/seed.ts[0m:[93m288[0m:[93m16[0m - [91merror[0m[90m TS2551: [0mProperty 'transaction' does not exist on type 'PrismaClient<PrismaClientOptions, never, DefaultArgs>'. Did you mean '$transaction'?

[7m288[0m   await prisma.transaction.createMany({
[7m   [0m [91m               ~~~~~~~~~~~[0m

  [96m../../node_modules/.pnpm/@prisma+client@5.22.0_prisma@5.22.0/node_modules/.prisma/client/index.d.ts[0m:[93m163[0m:[93m3[0m
    [7m163[0m   $transaction<P extends Prisma.PrismaPromise<any>[]>(arg: [...P], options?: { isolationLevel?: Prisma.TransactionIsolationLevel }): $Utils.JsPromise<runtime.Types.Utils.UnwrapTuple<P>>
    [7m   [0m [96m  ~~~~~~~~~~~~[0m
    '$transaction' is declared here.
[96mprisma/seed.ts[0m:[93m328[0m:[93m16[0m - [91merror[0m[90m TS2339: [0mProperty 'rebalance' does not exist on type 'PrismaClient<PrismaClientOptions, never, DefaultArgs>'.

[7m328[0m   await prisma.rebalance.createMany({
[7m   [0m [91m               ~~~~~~~~~[0m
[96mprisma/seed.ts[0m:[93m383[0m:[93m9[0m - [91merror[0m[90m TS2353: [0mObject literal may only specify known properties, and 'isTriggered' does not exist in type 'AlertCreateManyInput'.

[7m383[0m         isTriggered: false,
[7m   [0m [91m        ~~~~~~~~~~~[0m
[96mprisma/seed.ts[0m:[93m392[0m:[93m9[0m - [91merror[0m[90m TS2353: [0mObject literal may only specify known properties, and 'isTriggered' does not exist in type 'AlertCreateManyInput'.

[7m392[0m         isTriggered: false,
[7m   [0m [91m        ~~~~~~~~~~~[0m
[96mprisma/seed.ts[0m:[93m401[0m:[93m9[0m - [91merror[0m[90m TS2353: [0mObject literal may only specify known properties, and 'isTriggered' does not exist in type 'AlertCreateManyInput'.

[7m401[0m         isTriggered: true,
[7m   [0m [91m        ~~~~~~~~~~~[0m
[96msrc/auth/auth.service.spec.ts[0m:[93m2[0m:[93m28[0m - [91merror[0m[90m TS2307: [0mCannot find module '@nestjs/jwt' or its corresponding type declarations.

[7m2[0m import { JwtService } from '@nestjs/jwt';
[7m [0m [91m                           ~~~~~~~~~~~~~[0m
[96msrc/auth/auth.service.spec.ts[0m:[93m4[0m:[93m29[0m - [91merror[0m[90m TS2307: [0mCannot find module './auth.service' or its corresponding type declarations.

[7m4[0m import { AuthService } from './auth.service';
[7m [0m [91m                            ~~~~~~~~~~~~~~~~[0m
[96msrc/auth/auth.service.spec.ts[0m:[93m7[0m:[93m24[0m - [91merror[0m[90m TS2307: [0mCannot find module 'ethers' or its corresponding type declarations.

[7m7[0m import { ethers } from 'ethers';
[7m [0m [91m                       ~~~~~~~~[0m
[96msrc/auth/auth.service.spec.ts[0m:[93m158[0m:[93m59[0m - [91merror[0m[90m TS2304: [0mCannot find name 'mockUser'.

[7m158[0m       mockPrismaService.user.findUnique.mockResolvedValue(mockUser);
[7m   [0m [91m                                                          ~~~~~~~~[0m
[96msrc/baskets/baskets.controller.spec.ts[0m:[93m2[0m:[93m35[0m - [91merror[0m[90m TS2307: [0mCannot find module './baskets.controller' or its corresponding type declarations.

[7m2[0m import { BasketsController } from './baskets.controller';
[7m [0m [91m                                  ~~~~~~~~~~~~~~~~~~~~~~[0m
[96msrc/baskets/baskets.controller.spec.ts[0m:[93m3[0m:[93m32[0m - [91merror[0m[90m TS2307: [0mCannot find module './baskets.service' or its corresponding type declarations.

[7m3[0m import { BasketsService } from './baskets.service';
[7m [0m [91m                               ~~~~~~~~~~~~~~~~~~~[0m
[96msrc/baskets/baskets.controller.spec.ts[0m:[93m4[0m:[93m50[0m - [91merror[0m[90m TS2307: [0mCannot find module './dto' or its corresponding type declarations.

[7m4[0m import { CreateBasketDto, UpdateBasketDto } from './dto';
[7m [0m [91m                                                 ~~~~~~~[0m
[96msrc/baskets/baskets.controller.spec.ts[0m:[93m5[0m:[93m30[0m - [91merror[0m[90m TS2307: [0mCannot find module '../auth/guards/jwt-auth.guard' or its corresponding type declarations.

[7m5[0m import { JwtAuthGuard } from '../auth/guards/jwt-auth.guard';
[7m [0m [91m                             ~~~~~~~~~~~~~~~~~~~~~~~~~~~~~~~[0m
[96mtest/baskets.e2e-spec.ts[0m:[93m6[0m:[93m28[0m - [91merror[0m[90m TS2307: [0mCannot find module '@nestjs/jwt' or its corresponding type declarations.

[7m6[0m import { JwtService } from '@nestjs/jwt';
[7m [0m [91m                           ~~~~~~~~~~~~~[0m
[96mtest/baskets.e2e-spec.ts[0m:[93m7[0m:[93m24[0m - [91merror[0m[90m TS2307: [0mCannot find module 'ethers' or its corresponding type declarations.

[7m7[0m import { ethers } from 'ethers';
[7m [0m [91m                       ~~~~~~~~[0m
[96mtest/baskets.e2e-spec.ts[0m:[93m29[0m:[93m18[0m - [91merror[0m[90m TS2339: [0mProperty 'allocation' does not exist on type 'PrismaService'.

[7m29[0m     await prisma.allocation.deleteMany();
[7m  [0m [91m                 ~~~~~~~~~~[0m
[96mtest/baskets.e2e-spec.ts[0m:[93m30[0m:[93m18[0m - [91merror[0m[90m TS2339: [0mProperty 'basketAsset' does not exist on type 'PrismaService'.

[7m30[0m     await prisma.basketAsset.deleteMany();
[7m  [0m [91m                 ~~~~~~~~~~~[0m
[96mtest/baskets.e2e-spec.ts[0m:[93m32[0m:[93m18[0m - [91merror[0m[90m TS2339: [0mProperty 'wallet' does not exist on type 'PrismaService'.

[7m32[0m     await prisma.wallet.deleteMany();
[7m  [0m [91m                 ~~~~~~[0m
[96mtest/baskets.e2e-spec.ts[0m:[93m53[0m:[93m18[0m - [91merror[0m[90m TS2339: [0mProperty 'allocation' does not exist on type 'PrismaService'.

[7m53[0m     await prisma.allocation.deleteMany();
[7m  [0m [91m                 ~~~~~~~~~~[0m
[96mtest/baskets.e2e-spec.ts[0m:[93m54[0m:[93m18[0m - [91merror[0m[90m TS2339: [0mProperty 'basketAsset' does not exist on type 'PrismaService'.

[7m54[0m     await prisma.basketAsset.deleteMany();
[7m  [0m [91m                 ~~~~~~~~~~~[0m
[96mtest/baskets.e2e-spec.ts[0m:[93m56[0m:[93m18[0m - [91merror[0m[90m TS2339: [0mProperty 'wallet' does not exist on type 'PrismaService'.

[7m56[0m     await prisma.wallet.deleteMany();
[7m  [0m [91m                 ~~~~~~[0m
[96mtest/baskets.e2e-spec.ts[0m:[93m80[0m:[93m30[0m - [91merror[0m[90m TS2349: [0mThis expression is not callable.
  Type 'typeof supertest' has no call signatures.

[7m80[0m       const response = await request(app.getHttpServer())
[7m  [0m [91m                             ~~~~~~~[0m

  [96mtest/baskets.e2e-spec.ts[0m:[93m3[0m:[93m1[0m
    [7m3[0m import * as request from 'supertest';
    [7m [0m [96m~~~~~~~~~~~~~~~~~~~~~~~~~~~~~~~~~~~~~[0m
    Type originates at this import. A namespace-style import cannot be called or constructed, and will cause a failure at runtime. Consider using a default import or import require here instead.
[96mtest/baskets.e2e-spec.ts[0m:[93m111[0m:[93m13[0m - [91merror[0m[90m TS2349: [0mThis expression is not callable.
  Type 'typeof supertest' has no call signatures.

[7m111[0m       await request(app.getHttpServer())
[7m   [0m [91m            ~~~~~~~[0m

  [96mtest/baskets.e2e-spec.ts[0m:[93m3[0m:[93m1[0m
    [7m3[0m import * as request from 'supertest';
    [7m [0m [96m~~~~~~~~~~~~~~~~~~~~~~~~~~~~~~~~~~~~~[0m
    Type originates at this import. A namespace-style import cannot be called or constructed, and will cause a failure at runtime. Consider using a default import or import require here instead.
[96mtest/baskets.e2e-spec.ts[0m:[93m124[0m:[93m13[0m - [91merror[0m[90m TS2349: [0mThis expression is not callable.
  Type 'typeof supertest' has no call signatures.

[7m124[0m       await request(app.getHttpServer())
[7m   [0m [91m            ~~~~~~~[0m

  [96mtest/baskets.e2e-spec.ts[0m:[93m3[0m:[93m1[0m
    [7m3[0m import * as request from 'supertest';
    [7m [0m [96m~~~~~~~~~~~~~~~~~~~~~~~~~~~~~~~~~~~~~[0m
    Type originates at this import. A namespace-style import cannot be called or constructed, and will cause a failure at runtime. Consider using a default import or import require here instead.
[96mtest/baskets.e2e-spec.ts[0m:[93m133[0m:[93m30[0m - [91merror[0m[90m TS2349: [0mThis expression is not callable.
  Type 'typeof supertest' has no call signatures.

[7m133[0m       const response = await request(app.getHttpServer())
[7m   [0m [91m                             ~~~~~~~[0m

  [96mtest/baskets.e2e-spec.ts[0m:[93m3[0m:[93m1[0m
    [7m3[0m import * as request from 'supertest';
    [7m [0m [96m~~~~~~~~~~~~~~~~~~~~~~~~~~~~~~~~~~~~~[0m
    Type originates at this import. A namespace-style import cannot be called or constructed, and will cause a failure at runtime. Consider using a default import or import require here instead.
[96mtest/baskets.e2e-spec.ts[0m:[93m159[0m:[93m30[0m - [91merror[0m[90m TS2349: [0mThis expression is not callable.
  Type 'typeof supertest' has no call signatures.

[7m159[0m       const response = await request(app.getHttpServer())
[7m   [0m [91m                             ~~~~~~~[0m

  [96mtest/baskets.e2e-spec.ts[0m:[93m3[0m:[93m1[0m
    [7m3[0m import * as request from 'supertest';
    [7m [0m [96m~~~~~~~~~~~~~~~~~~~~~~~~~~~~~~~~~~~~~[0m
    Type originates at this import. A namespace-style import cannot be called or constructed, and will cause a failure at runtime. Consider using a default import or import require here instead.
[96mtest/baskets.e2e-spec.ts[0m:[93m171[0m:[93m30[0m - [91merror[0m[90m TS2349: [0mThis expression is not callable.
  Type 'typeof supertest' has no call signatures.

[7m171[0m       const response = await request(app.getHttpServer())
[7m   [0m [91m                             ~~~~~~~[0m

  [96mtest/baskets.e2e-spec.ts[0m:[93m3[0m:[93m1[0m
    [7m3[0m import * as request from 'supertest';
    [7m [0m [96m~~~~~~~~~~~~~~~~~~~~~~~~~~~~~~~~~~~~~[0m
    Type originates at this import. A namespace-style import cannot be called or constructed, and will cause a failure at runtime. Consider using a default import or import require here instead.
[96mtest/baskets.e2e-spec.ts[0m:[93m186[0m:[93m13[0m - [91merror[0m[90m TS2349: [0mThis expression is not callable.
  Type 'typeof supertest' has no call signatures.

[7m186[0m       await request(app.getHttpServer())
[7m   [0m [91m            ~~~~~~~[0m

  [96mtest/baskets.e2e-spec.ts[0m:[93m3[0m:[93m1[0m
    [7m3[0m import * as request from 'supertest';
    [7m [0m [96m~~~~~~~~~~~~~~~~~~~~~~~~~~~~~~~~~~~~~[0m
    Type originates at this import. A namespace-style import cannot be called or constructed, and will cause a failure at runtime. Consider using a default import or import require here instead.
[96mtest/baskets.e2e-spec.ts[0m:[93m210[0m:[93m13[0m - [91merror[0m[90m TS2349: [0mThis expression is not callable.
  Type 'typeof supertest' has no call signatures.

[7m210[0m       await request(app.getHttpServer())
[7m   [0m [91m            ~~~~~~~[0m

  [96mtest/baskets.e2e-spec.ts[0m:[93m3[0m:[93m1[0m
    [7m3[0m import * as request from 'supertest';
    [7m [0m [96m~~~~~~~~~~~~~~~~~~~~~~~~~~~~~~~~~~~~~[0m
    Type originates at this import. A namespace-style import cannot be called or constructed, and will cause a failure at runtime. Consider using a default import or import require here instead.
[96mtest/baskets.e2e-spec.ts[0m:[93m225[0m:[93m30[0m - [91merror[0m[90m TS2349: [0mThis expression is not callable.
  Type 'typeof supertest' has no call signatures.

[7m225[0m       const response = await request(app.getHttpServer())
[7m   [0m [91m                             ~~~~~~~[0m

  [96mtest/baskets.e2e-spec.ts[0m:[93m3[0m:[93m1[0m
    [7m3[0m import * as request from 'supertest';
    [7m [0m [96m~~~~~~~~~~~~~~~~~~~~~~~~~~~~~~~~~~~~~[0m
    Type originates at this import. A namespace-style import cannot be called or constructed, and will cause a failure at runtime. Consider using a default import or import require here instead.
[96mtest/baskets.e2e-spec.ts[0m:[93m235[0m:[93m13[0m - [91merror[0m[90m TS2349: [0mThis expression is not callable.
  Type 'typeof supertest' has no call signatures.

[7m235[0m       await request(app.getHttpServer())
[7m   [0m [91m            ~~~~~~~[0m

  [96mtest/baskets.e2e-spec.ts[0m:[93m3[0m:[93m1[0m
    [7m3[0m import * as request from 'supertest';
    [7m [0m [96m~~~~~~~~~~~~~~~~~~~~~~~~~~~~~~~~~~~~~[0m
    Type originates at this import. A namespace-style import cannot be called or constructed, and will cause a failure at runtime. Consider using a default import or import require here instead.
[96mtest/baskets.e2e-spec.ts[0m:[93m248[0m:[93m30[0m - [91merror[0m[90m TS2349: [0mThis expression is not callable.
  Type 'typeof supertest' has no call signatures.

[7m248[0m       const response = await request(app.getHttpServer())
[7m   [0m [91m                             ~~~~~~~[0m

  [96mtest/baskets.e2e-spec.ts[0m:[93m3[0m:[93m1[0m
    [7m3[0m import * as request from 'supertest';
    [7m [0m [96m~~~~~~~~~~~~~~~~~~~~~~~~~~~~~~~~~~~~~[0m
    Type originates at this import. A namespace-style import cannot be called or constructed, and will cause a failure at runtime. Consider using a default import or import require here instead.
[96mtest/baskets.e2e-spec.ts[0m:[93m267[0m:[93m31[0m - [91merror[0m[90m TS2349: [0mThis expression is not callable.
  Type 'typeof supertest' has no call signatures.

[7m267[0m       const response1 = await request(app.getHttpServer())
[7m   [0m [91m                              ~~~~~~~[0m

  [96mtest/baskets.e2e-spec.ts[0m:[93m3[0m:[93m1[0m
    [7m3[0m import * as request from 'supertest';
    [7m [0m [96m~~~~~~~~~~~~~~~~~~~~~~~~~~~~~~~~~~~~~[0m
    Type originates at this import. A namespace-style import cannot be called or constructed, and will cause a failure at runtime. Consider using a default import or import require here instead.
[96mtest/baskets.e2e-spec.ts[0m:[93m275[0m:[93m31[0m - [91merror[0m[90m TS2349: [0mThis expression is not callable.
  Type 'typeof supertest' has no call signatures.

[7m275[0m       const response2 = await request(app.getHttpServer())
[7m   [0m [91m                              ~~~~~~~[0m

  [96mtest/baskets.e2e-spec.ts[0m:[93m3[0m:[93m1[0m
    [7m3[0m import * as request from 'supertest';
    [7m [0m [96m~~~~~~~~~~~~~~~~~~~~~~~~~~~~~~~~~~~~~[0m
    Type originates at this import. A namespace-style import cannot be called or constructed, and will cause a failure at runtime. Consider using a default import or import require here instead.
[96mtest/baskets.e2e-spec.ts[0m:[93m288[0m:[93m13[0m - [91merror[0m[90m TS2349: [0mThis expression is not callable.
  Type 'typeof supertest' has no call signatures.

[7m288[0m       await request(app.getHttpServer())
[7m   [0m [91m            ~~~~~~~[0m

  [96mtest/baskets.e2e-spec.ts[0m:[93m3[0m:[93m1[0m
    [7m3[0m import * as request from 'supertest';
    [7m [0m [96m~~~~~~~~~~~~~~~~~~~~~~~~~~~~~~~~~~~~~[0m
    Type originates at this import. A namespace-style import cannot be called or constructed, and will cause a failure at runtime. Consider using a default import or import require here instead.
[96mtest/baskets.e2e-spec.ts[0m:[93m298[0m:[93m13[0m - [91merror[0m[90m TS2349: [0mThis expression is not callable.
  Type 'typeof supertest' has no call signatures.

[7m298[0m       await request(app.getHttpServer())
[7m   [0m [91m            ~~~~~~~[0m

  [96mtest/baskets.e2e-spec.ts[0m:[93m3[0m:[93m1[0m
    [7m3[0m import * as request from 'supertest';
    [7m [0m [96m~~~~~~~~~~~~~~~~~~~~~~~~~~~~~~~~~~~~~[0m
    Type originates at this import. A namespace-style import cannot be called or constructed, and will cause a failure at runtime. Consider using a default import or import require here instead.
[96mtest/baskets.e2e-spec.ts[0m:[93m308[0m:[93m29[0m - [91merror[0m[90m TS2339: [0mProperty 'deletedAt' does not exist on type '{ id: string; createdAt: Date; updatedAt: Date; name: string; description: string; totalValue: string; isPublic: boolean; userId: string; }'.

[7m308[0m       expect(deletedBasket?.deletedAt).not.toBeNull();
[7m   [0m [91m                            ~~~~~~~~~[0m
[96mtest/baskets.e2e-spec.ts[0m:[93m312[0m:[93m13[0m - [91merror[0m[90m TS2349: [0mThis expression is not callable.
  Type 'typeof supertest' has no call signatures.

[7m312[0m       await request(app.getHttpServer())
[7m   [0m [91m            ~~~~~~~[0m

  [96mtest/baskets.e2e-spec.ts[0m:[93m3[0m:[93m1[0m
    [7m3[0m import * as request from 'supertest';
    [7m [0m [96m~~~~~~~~~~~~~~~~~~~~~~~~~~~~~~~~~~~~~[0m
    Type originates at this import. A namespace-style import cannot be called or constructed, and will cause a failure at runtime. Consider using a default import or import require here instead.
[96mtest/baskets.e2e-spec.ts[0m:[93m333[0m:[93m9[0m - [91merror[0m[90m TS2349: [0mThis expression is not callable.
  Type 'typeof supertest' has no call signatures.

[7m333[0m         request(app.getHttpServer())
[7m   [0m [91m        ~~~~~~~[0m

  [96mtest/baskets.e2e-spec.ts[0m:[93m3[0m:[93m1[0m
    [7m3[0m import * as request from 'supertest';
    [7m [0m [96m~~~~~~~~~~~~~~~~~~~~~~~~~~~~~~~~~~~~~[0m
    Type originates at this import. A namespace-style import cannot be called or constructed, and will cause a failure at runtime. Consider using a default import or import require here instead.

Found 58 error(s).

[41m[30mâ€‰ELIFECYCLEâ€‰[39m[49m [31mCommand failed with exit code 1.[39m
